
*** Running vivado
    with args -log GPIO_demo.vds -m64 -product Vivado -mode batch -messageDb vivado.pb -notrace -source GPIO_demo.tcl



****** Vivado v2022.1 (64-bit)
  **** SW Build 3526262 on Mon Apr 18 15:48:16 MDT 2022
  **** IP Build 3524634 on Mon Apr 18 20:55:01 MDT 2022
    ** Copyright 1986-2022 Xilinx, Inc. All Rights Reserved.

source GPIO_demo.tcl -notrace
create_project: Time (s): cpu = 00:00:05 ; elapsed = 00:00:06 . Memory (MB): peak = 1624.543 ; gain = 0.000
INFO: [IP_Flow 19-234] Refreshing IP repositories
INFO: [IP_Flow 19-1700] Loaded user IP repository 'd:/WorkBORI/Basys-3/hw/repo'.
INFO: [IP_Flow 19-2313] Loaded Vivado IP repository 'C:/Xilinx/Vivado/2022.1/data/ip'.
Command: synth_design -top GPIO_demo -part xc7a35tcpg236-1
Starting synth_design
Attempting to get a license for feature 'Synthesis' and/or device 'xc7a35t'
INFO: [Common 17-349] Got license for feature 'Synthesis' and/or device 'xc7a35t'
INFO: [Device 21-403] Loading part xc7a35tcpg236-1
INFO: [Synth 8-7079] Multithreading enabled for synth_design using a maximum of 2 processes.
INFO: [Synth 8-7078] Launching helper process for spawning children vivado processes
INFO: [Synth 8-7075] Helper process launched with PID 117584
---------------------------------------------------------------------------------
Starting RTL Elaboration : Time (s): cpu = 00:00:06 ; elapsed = 00:00:06 . Memory (MB): peak = 1624.543 ; gain = 0.000
---------------------------------------------------------------------------------
INFO: [Synth 8-638] synthesizing module 'GPIO_demo' [D:/WorkBORI/Basys-3/hw/src/hdl/GPIO_Demo.vhd:70]
	Parameter DEBNC_CLOCKS bound to: 65536 - type: integer 
	Parameter PORT_WIDTH bound to: 5 - type: integer 
INFO: [Synth 8-3491] module 'debouncer' declared at 'D:/WorkBORI/Basys-3/hw/src/hdl/debouncer.vhd:42' bound to instance 'Inst_btn_debounce' of component 'debouncer' [D:/WorkBORI/Basys-3/hw/src/hdl/GPIO_Demo.vhd:320]
INFO: [Synth 8-638] synthesizing module 'debouncer' [D:/WorkBORI/Basys-3/hw/src/hdl/debouncer.vhd:50]
	Parameter DEBNC_CLOCKS bound to: 65536 - type: integer 
	Parameter PORT_WIDTH bound to: 5 - type: integer 
INFO: [Synth 8-256] done synthesizing module 'debouncer' (0#1) [D:/WorkBORI/Basys-3/hw/src/hdl/debouncer.vhd:50]
INFO: [Synth 8-3491] module 'UART_TX_CTRL' declared at 'D:/WorkBORI/Basys-3/hw/src/hdl/UART_TX_CTRL.vhd:42' bound to instance 'Inst_UART_TX_CTRL' of component 'UART_TX_CTRL' [D:/WorkBORI/Basys-3/hw/src/hdl/GPIO_Demo.vhd:450]
INFO: [Synth 8-638] synthesizing module 'UART_TX_CTRL' [D:/WorkBORI/Basys-3/hw/src/hdl/UART_TX_CTRL.vhd:50]
INFO: [Synth 8-256] done synthesizing module 'UART_TX_CTRL' (0#1) [D:/WorkBORI/Basys-3/hw/src/hdl/UART_TX_CTRL.vhd:50]
INFO: [Synth 8-3491] module 'vga_ctrl' declared at 'D:/WorkBORI/Basys-3/hw/src/hdl/vga_ctrl.vhd:38' bound to instance 'Inst_vga_ctrl' of component 'vga_ctrl' [D:/WorkBORI/Basys-3/hw/src/hdl/GPIO_Demo.vhd:465]
INFO: [Synth 8-638] synthesizing module 'vga_ctrl' [D:/WorkBORI/Basys-3/hw/src/hdl/vga_ctrl.vhd:50]
INFO: [Synth 8-3491] module 'clk_wiz_0' declared at 'D:/WorkBORI/Basys-3/hw/src/hdl/clk_wiz_0.vhd:74' bound to instance 'clk_wiz_0_inst' of component 'clk_wiz_0' [D:/WorkBORI/Basys-3/hw/src/hdl/vga_ctrl.vhd:197]
INFO: [Synth 8-638] synthesizing module 'clk_wiz_0' [D:/WorkBORI/Basys-3/hw/src/hdl/clk_wiz_0.vhd:83]
INFO: [Synth 8-3491] module 'clk_wiz_0_clk_wiz' declared at 'D:/WorkBORI/Basys-3/hw/src/hdl/clk_wiz_0_clk_wiz.vhd:74' bound to instance 'U0' of component 'clk_wiz_0_clk_wiz' [D:/WorkBORI/Basys-3/hw/src/hdl/clk_wiz_0.vhd:98]
INFO: [Synth 8-638] synthesizing module 'clk_wiz_0_clk_wiz' [D:/WorkBORI/Basys-3/hw/src/hdl/clk_wiz_0_clk_wiz.vhd:83]
	Parameter BANDWIDTH bound to: OPTIMIZED - type: string 
	Parameter CLKFBOUT_MULT_F bound to: 10.125000 - type: double 
	Parameter CLKFBOUT_PHASE bound to: 0.000000 - type: double 
	Parameter CLKFBOUT_USE_FINE_PS bound to: 0 - type: bool 
	Parameter CLKIN1_PERIOD bound to: 10.000000 - type: double 
	Parameter CLKOUT0_DIVIDE_F bound to: 9.375000 - type: double 
	Parameter CLKOUT0_DUTY_CYCLE bound to: 0.500000 - type: double 
	Parameter CLKOUT0_PHASE bound to: 0.000000 - type: double 
	Parameter CLKOUT0_USE_FINE_PS bound to: 0 - type: bool 
	Parameter CLKOUT4_CASCADE bound to: 0 - type: bool 
	Parameter COMPENSATION bound to: ZHOLD - type: string 
	Parameter DIVCLK_DIVIDE bound to: 1 - type: integer 
	Parameter REF_JITTER1 bound to: 0.010000 - type: double 
	Parameter STARTUP_WAIT bound to: 0 - type: bool 
INFO: [Synth 8-113] binding component instance 'mmcm_adv_inst' to cell 'MMCME2_ADV' [D:/WorkBORI/Basys-3/hw/src/hdl/clk_wiz_0_clk_wiz.vhd:125]
INFO: [Synth 8-113] binding component instance 'clkf_buf' to cell 'BUFG' [D:/WorkBORI/Basys-3/hw/src/hdl/clk_wiz_0_clk_wiz.vhd:187]
INFO: [Synth 8-113] binding component instance 'clkout1_buf' to cell 'BUFG' [D:/WorkBORI/Basys-3/hw/src/hdl/clk_wiz_0_clk_wiz.vhd:194]
INFO: [Synth 8-256] done synthesizing module 'clk_wiz_0_clk_wiz' (0#1) [D:/WorkBORI/Basys-3/hw/src/hdl/clk_wiz_0_clk_wiz.vhd:83]
INFO: [Synth 8-256] done synthesizing module 'clk_wiz_0' (0#1) [D:/WorkBORI/Basys-3/hw/src/hdl/clk_wiz_0.vhd:83]
	Parameter SYSCLK_FREQUENCY_HZ bound to: 108000000 - type: integer 
	Parameter CHECK_PERIOD_MS bound to: 500 - type: integer 
	Parameter TIMEOUT_PERIOD_MS bound to: 100 - type: integer 
INFO: [Synth 8-3491] module 'MouseCtl' declared at 'D:/WorkBORI/Basys-3/hw/src/hdl/MouseCtl.vhd:179' bound to instance 'Inst_MouseCtl' of component 'MouseCtl' [D:/WorkBORI/Basys-3/hw/src/hdl/vga_ctrl.vhd:207]
INFO: [Synth 8-638] synthesizing module 'MouseCtl' [D:/WorkBORI/Basys-3/hw/src/hdl/MouseCtl.vhd:208]
	Parameter SYSCLK_FREQUENCY_HZ bound to: 108000000 - type: integer 
	Parameter CHECK_PERIOD_MS bound to: 500 - type: integer 
	Parameter TIMEOUT_PERIOD_MS bound to: 100 - type: integer 
INFO: [Synth 8-3491] module 'Ps2Interface' declared at 'D:/WorkBORI/Basys-3/hw/src/hdl/Ps2Interface.vhd:152' bound to instance 'Inst_Ps2Interface' of component 'Ps2Interface' [D:/WorkBORI/Basys-3/hw/src/hdl/MouseCtl.vhd:370]
INFO: [Synth 8-638] synthesizing module 'Ps2Interface' [D:/WorkBORI/Basys-3/hw/src/hdl/Ps2Interface.vhd:180]
INFO: [Synth 8-256] done synthesizing module 'Ps2Interface' (0#1) [D:/WorkBORI/Basys-3/hw/src/hdl/Ps2Interface.vhd:180]
INFO: [Synth 8-256] done synthesizing module 'MouseCtl' (0#1) [D:/WorkBORI/Basys-3/hw/src/hdl/MouseCtl.vhd:208]
INFO: [Synth 8-3491] module 'MouseDisplay' declared at 'D:/WorkBORI/Basys-3/hw/src/hdl/MouseDisplay.vhd:99' bound to instance 'Inst_MouseDisplay' of component 'MouseDisplay' [D:/WorkBORI/Basys-3/hw/src/hdl/vga_ctrl.vhd:334]
INFO: [Synth 8-638] synthesizing module 'MouseDisplay' [D:/WorkBORI/Basys-3/hw/src/hdl/MouseDisplay.vhd:129]
WARNING: [Synth 8-614] signal 'ypos' is read in the process but is not in the sensitivity list [D:/WorkBORI/Basys-3/hw/src/hdl/MouseDisplay.vhd:197]
INFO: [Synth 8-256] done synthesizing module 'MouseDisplay' (0#1) [D:/WorkBORI/Basys-3/hw/src/hdl/MouseDisplay.vhd:129]
INFO: [Synth 8-256] done synthesizing module 'vga_ctrl' (0#1) [D:/WorkBORI/Basys-3/hw/src/hdl/vga_ctrl.vhd:50]
INFO: [Synth 8-256] done synthesizing module 'GPIO_demo' (0#1) [D:/WorkBORI/Basys-3/hw/src/hdl/GPIO_Demo.vhd:70]
---------------------------------------------------------------------------------
Finished RTL Elaboration : Time (s): cpu = 00:00:09 ; elapsed = 00:00:09 . Memory (MB): peak = 1663.891 ; gain = 39.348
---------------------------------------------------------------------------------
---------------------------------------------------------------------------------
Start Handling Custom Attributes
---------------------------------------------------------------------------------
---------------------------------------------------------------------------------
Finished Handling Custom Attributes : Time (s): cpu = 00:00:09 ; elapsed = 00:00:09 . Memory (MB): peak = 1663.891 ; gain = 39.348
---------------------------------------------------------------------------------
---------------------------------------------------------------------------------
Finished RTL Optimization Phase 1 : Time (s): cpu = 00:00:09 ; elapsed = 00:00:09 . Memory (MB): peak = 1663.891 ; gain = 39.348
---------------------------------------------------------------------------------
Netlist sorting complete. Time (s): cpu = 00:00:00 ; elapsed = 00:00:00.033 . Memory (MB): peak = 1663.891 ; gain = 0.000
INFO: [Netlist 29-17] Analyzing 1 Unisim elements for replacement
INFO: [Netlist 29-28] Unisim Transformation completed in 0 CPU seconds
INFO: [Project 1-570] Preparing netlist for logic optimization

Processing XDC Constraints
Initializing timing engine
Parsing XDC File [D:/WorkBORI/Basys-3/hw/src/constraints/Basys3_Master.xdc]
Finished Parsing XDC File [D:/WorkBORI/Basys-3/hw/src/constraints/Basys3_Master.xdc]
INFO: [Project 1-236] Implementation specific constraints were found while reading constraint file [D:/WorkBORI/Basys-3/hw/src/constraints/Basys3_Master.xdc]. These constraints will be ignored for synthesis but will be used in implementation. Impacted constraints are listed in the file [.Xil/GPIO_demo_propImpl.xdc].
Resolution: To avoid this warning, move constraints listed in [.Xil/GPIO_demo_propImpl.xdc] to another XDC file and exclude this new file from synthesis with the used_in_synthesis property (File Properties dialog in GUI) and re-run elaboration/synthesis.
INFO: [Timing 38-2] Deriving generated clocks
Completed Processing XDC Constraints

Netlist sorting complete. Time (s): cpu = 00:00:00 ; elapsed = 00:00:00.001 . Memory (MB): peak = 1739.719 ; gain = 0.000
INFO: [Project 1-111] Unisim Transformation Summary:
No Unisim elements were transformed.

Constraint Validation Runtime : Time (s): cpu = 00:00:00 ; elapsed = 00:00:00.009 . Memory (MB): peak = 1739.719 ; gain = 0.000
---------------------------------------------------------------------------------
Finished Constraint Validation : Time (s): cpu = 00:00:19 ; elapsed = 00:00:19 . Memory (MB): peak = 1739.719 ; gain = 115.176
---------------------------------------------------------------------------------
---------------------------------------------------------------------------------
Start Loading Part and Timing Information
---------------------------------------------------------------------------------
Loading part: xc7a35tcpg236-1
---------------------------------------------------------------------------------
Finished Loading Part and Timing Information : Time (s): cpu = 00:00:19 ; elapsed = 00:00:19 . Memory (MB): peak = 1739.719 ; gain = 115.176
---------------------------------------------------------------------------------
---------------------------------------------------------------------------------
Start Applying 'set_property' XDC Constraints
---------------------------------------------------------------------------------
---------------------------------------------------------------------------------
Finished applying 'set_property' XDC Constraints : Time (s): cpu = 00:00:19 ; elapsed = 00:00:19 . Memory (MB): peak = 1739.719 ; gain = 115.176
---------------------------------------------------------------------------------
INFO: [Synth 8-802] inferred FSM for state register 'txState_reg' in module 'UART_TX_CTRL'
INFO: [Synth 8-802] inferred FSM for state register 'state_reg' in module 'Ps2Interface'
INFO: [Synth 8-802] inferred FSM for state register 'state_reg' in module 'MouseCtl'
INFO: [Synth 8-802] inferred FSM for state register 'uartState_reg' in module 'GPIO_demo'
---------------------------------------------------------------------------------------------------
                   State |                     New Encoding |                Previous Encoding 
---------------------------------------------------------------------------------------------------
                     rdy |                               00 |                               00
                load_bit |                               01 |                               01
                send_bit |                               10 |                               10
---------------------------------------------------------------------------------------------------
INFO: [Synth 8-3354] encoded FSM with state register 'txState_reg' using encoding 'sequential' in module 'UART_TX_CTRL'
---------------------------------------------------------------------------------------------------
                   State |                     New Encoding |                Previous Encoding 
---------------------------------------------------------------------------------------------------
                    idle |                00000000000000001 |                            00000
            rx_down_edge |                00000000000000010 |                            00011
                rx_clk_l |                00000000000000100 |                            00010
                rx_clk_h |                00000000000001000 |                            00001
         rx_error_parity |                00000000000010000 |                            00100
           rx_data_ready |                00000000000100000 |                            00101
          tx_force_clk_l |                00000000001000000 |                            00110
      tx_bring_data_down |                00000000010000000 |                            00111
          tx_release_clk |                00000000100000000 |                            01000
 tx_first_wait_down_edge |                00000001000000000 |                            01001
                tx_clk_l |                00000010000000000 |                            01010
         tx_wait_up_edge |                00000100000000000 |                            01011
tx_wait_up_edge_before_ack |                00001000000000000 |                            01101
             tx_wait_ack |                00010000000000000 |                            01110
         tx_received_ack |                00100000000000000 |                            01111
         tx_error_no_ack |                01000000000000000 |                            10000
                tx_clk_h |                10000000000000000 |                            01100
---------------------------------------------------------------------------------------------------
INFO: [Synth 8-3354] encoded FSM with state register 'state_reg' using encoding 'one-hot' in module 'Ps2Interface'
---------------------------------------------------------------------------------------------------
                   State |                     New Encoding |                Previous Encoding 
---------------------------------------------------------------------------------------------------
                   reset | 0000000000000000000000000000000000001 |                           000000
          reset_wait_ack | 0000000000000000000000000000000000010 |                           000001
reset_wait_bat_completion | 0000000000000000000000000000000000100 |                           000010
           reset_wait_id | 0000000000000000000000000000000001000 |                           000011
reset_set_sample_rate_200 | 0000000000000000000000000000000010000 |                           000100
reset_set_sample_rate_200_wait_ack | 0000000000000000000000000000000100000 |                           000101
reset_send_sample_rate_200 | 0000000000000000000000000000001000000 |                           000110
reset_send_sample_rate_200_wait_ack | 0000000000000000000000000000010000000 |                           000111
reset_set_sample_rate_100 | 0000000000000000000000000000100000000 |                           001000
reset_set_sample_rate_100_wait_ack | 0000000000000000000000000001000000000 |                           001001
reset_send_sample_rate_100 | 0000000000000000000000000010000000000 |                           001010
reset_send_sample_rate_100_wait_ack | 0000000000000000000000000100000000000 |                           001011
reset_set_sample_rate_80 | 0000000000000000000000001000000000000 |                           001100
reset_set_sample_rate_80_wait_ack | 0000000000000000000000010000000000000 |                           001101
reset_send_sample_rate_80 | 0000000000000000000000100000000000000 |                           001110
reset_send_sample_rate_80_wait_ack | 0000000000000000000001000000000000000 |                           001111
           reset_read_id | 0000000000000000000010000000000000000 |                           010000
  reset_read_id_wait_ack | 0000000000000000000100000000000000000 |                           010001
   reset_read_id_wait_id | 0000000000000000001000000000000000000 |                           010010
    reset_set_resolution | 0000000000000000010000000000000000000 |                           010011
reset_set_resolution_wait_ack | 0000000000000000100000000000000000000 |                           010100
   reset_send_resolution | 0000000000000001000000000000000000000 |                           010101
reset_send_resolution_wait_ack | 0000000000000010000000000000000000000 |                           010110
reset_set_sample_rate_40 | 0000000000000100000000000000000000000 |                           010111
reset_set_sample_rate_40_wait_ack | 0000000000001000000000000000000000000 |                           011000
reset_send_sample_rate_40 | 0000000000010000000000000000000000000 |                           011001
reset_send_sample_rate_40_wait_ack | 0000000000100000000000000000000000000 |                           011010
  reset_enable_reporting | 0000000001000000000000000000000000000 |                           011011
reset_enable_reporting_wait_ack | 0000000010000000000000000000000000000 |                           011100
             read_byte_1 | 0000000100000000000000000000000000000 |                           011101
             read_byte_2 | 0000001000000000000000000000000000000 |                           011110
             read_byte_3 | 0000010000000000000000000000000000000 |                           011111
             read_byte_4 | 0000100000000000000000000000000000000 |                           100000
          mark_new_event | 0001000000000000000000000000000000000 |                           100100
           check_read_id | 0010000000000000000000000000000000000 |                           100001
  check_read_id_wait_ack | 0100000000000000000000000000000000000 |                           100010
   check_read_id_wait_id | 1000000000000000000000000000000000000 |                           100011
---------------------------------------------------------------------------------------------------
INFO: [Synth 8-3354] encoded FSM with state register 'state_reg' using encoding 'one-hot' in module 'MouseCtl'
---------------------------------------------------------------------------------------------------
                   State |                     New Encoding |                Previous Encoding 
---------------------------------------------------------------------------------------------------
                 rst_reg |                              000 |                              000
             ld_init_str |                              001 |                              001
               send_char |                              010 |                              010
                 rdy_low |                              011 |                              011
                wait_rdy |                              100 |                              100
                wait_btn |                              101 |                              101
              ld_btn_str |                              110 |                              110
---------------------------------------------------------------------------------------------------
INFO: [Synth 8-3354] encoded FSM with state register 'uartState_reg' using encoding 'sequential' in module 'GPIO_demo'
---------------------------------------------------------------------------------
Finished RTL Optimization Phase 2 : Time (s): cpu = 00:00:20 ; elapsed = 00:00:21 . Memory (MB): peak = 1739.719 ; gain = 115.176
---------------------------------------------------------------------------------
---------------------------------------------------------------------------------
Start RTL Component Statistics 
---------------------------------------------------------------------------------
Detailed RTL Component Info : 
+---Adders : 
	   2 Input   26 Bit       Adders := 1     
	   2 Input   24 Bit       Adders := 1     
	   2 Input   14 Bit       Adders := 1     
	   3 Input   13 Bit       Adders := 2     
	   2 Input   12 Bit       Adders := 7     
	   2 Input   11 Bit       Adders := 1     
	   2 Input    8 Bit       Adders := 1     
	   4 Input    8 Bit       Adders := 1     
	   3 Input    8 Bit       Adders := 2     
	   2 Input    7 Bit       Adders := 1     
	   2 Input    4 Bit       Adders := 4     
	   3 Input    4 Bit       Adders := 2     
+---XORs : 
	   2 Input      1 Bit         XORs := 5     
+---Registers : 
	               31 Bit    Registers := 1     
	               26 Bit    Registers := 1     
	               24 Bit    Registers := 1     
	               14 Bit    Registers := 1     
	               12 Bit    Registers := 10    
	               11 Bit    Registers := 2     
	               10 Bit    Registers := 1     
	                8 Bit    Registers := 30    
	                7 Bit    Registers := 1     
	                5 Bit    Registers := 1     
	                4 Bit    Registers := 16    
	                2 Bit    Registers := 1     
	                1 Bit    Registers := 42    
+---Muxes : 
	  37 Input   37 Bit        Muxes := 1     
	   2 Input   37 Bit        Muxes := 69    
	   3 Input   31 Bit        Muxes := 1     
	   2 Input   26 Bit        Muxes := 1     
	   2 Input   24 Bit        Muxes := 1     
	  17 Input   17 Bit        Muxes := 1     
	   2 Input   17 Bit        Muxes := 18    
	   2 Input   16 Bit        Muxes := 1     
	   2 Input   14 Bit        Muxes := 2     
	   2 Input   12 Bit        Muxes := 10    
	   2 Input   11 Bit        Muxes := 3     
	   2 Input    9 Bit        Muxes := 2     
	  37 Input    8 Bit        Muxes := 3     
	   3 Input    8 Bit        Muxes := 20    
	   2 Input    7 Bit        Muxes := 10    
	   2 Input    6 Bit        Muxes := 10    
	  37 Input    4 Bit        Muxes := 1     
	   2 Input    4 Bit        Muxes := 4     
	   7 Input    3 Bit        Muxes := 1     
	   2 Input    3 Bit        Muxes := 1     
	   3 Input    2 Bit        Muxes := 1     
	   2 Input    2 Bit        Muxes := 2     
	   2 Input    1 Bit        Muxes := 20    
	   3 Input    1 Bit        Muxes := 1     
	  17 Input    1 Bit        Muxes := 4     
	  37 Input    1 Bit        Muxes := 20    
	   7 Input    1 Bit        Muxes := 1     
---------------------------------------------------------------------------------
Finished RTL Component Statistics 
---------------------------------------------------------------------------------
---------------------------------------------------------------------------------
Start Part Resource Summary
---------------------------------------------------------------------------------
Part Resources:
DSPs: 90 (col length:60)
BRAMs: 100 (col length: RAMB18 60 RAMB36 30)
---------------------------------------------------------------------------------
Finished Part Resource Summary
---------------------------------------------------------------------------------
---------------------------------------------------------------------------------
Start Cross Boundary and Area Optimization
---------------------------------------------------------------------------------
WARNING: [Synth 8-7080] Parallel synthesis criteria is not met
---------------------------------------------------------------------------------
Finished Cross Boundary and Area Optimization : Time (s): cpu = 00:00:26 ; elapsed = 00:00:27 . Memory (MB): peak = 1739.719 ; gain = 115.176
---------------------------------------------------------------------------------
---------------------------------------------------------------------------------
Start ROM, RAM, DSP, Shift Register and Retiming Reporting
---------------------------------------------------------------------------------

ROM: Preliminary Mapping Report
+-------------+-------------------------------+---------------+----------------+
|Module Name  | RTL Object                    | Depth x Width | Implemented As | 
+-------------+-------------------------------+---------------+----------------+
|MouseDisplay | mouserom[0]                   | 256x2         | LUT            | 
|vga_ctrl     | Inst_MouseDisplay/mouserom[0] | 256x2         | LUT            | 
+-------------+-------------------------------+---------------+----------------+

---------------------------------------------------------------------------------
Finished ROM, RAM, DSP, Shift Register and Retiming Reporting
---------------------------------------------------------------------------------
---------------------------------------------------------------------------------
Start Applying XDC Timing Constraints
---------------------------------------------------------------------------------
---------------------------------------------------------------------------------
Finished Applying XDC Timing Constraints : Time (s): cpu = 00:00:34 ; elapsed = 00:00:35 . Memory (MB): peak = 1739.719 ; gain = 115.176
---------------------------------------------------------------------------------
---------------------------------------------------------------------------------
Start Timing Optimization
---------------------------------------------------------------------------------
---------------------------------------------------------------------------------
Finished Timing Optimization : Time (s): cpu = 00:00:35 ; elapsed = 00:00:36 . Memory (MB): peak = 1739.719 ; gain = 115.176
---------------------------------------------------------------------------------
---------------------------------------------------------------------------------
Start Technology Mapping
---------------------------------------------------------------------------------
---------------------------------------------------------------------------------
Finished Technology Mapping : Time (s): cpu = 00:00:36 ; elapsed = 00:00:37 . Memory (MB): peak = 1739.719 ; gain = 115.176
---------------------------------------------------------------------------------
---------------------------------------------------------------------------------
Start IO Insertion
---------------------------------------------------------------------------------
---------------------------------------------------------------------------------
Start Flattening Before IO Insertion
---------------------------------------------------------------------------------
---------------------------------------------------------------------------------
Finished Flattening Before IO Insertion
---------------------------------------------------------------------------------
---------------------------------------------------------------------------------
Start Final Netlist Cleanup
---------------------------------------------------------------------------------
---------------------------------------------------------------------------------
Finished Final Netlist Cleanup
---------------------------------------------------------------------------------
---------------------------------------------------------------------------------
Finished IO Insertion : Time (s): cpu = 00:00:42 ; elapsed = 00:00:43 . Memory (MB): peak = 1739.719 ; gain = 115.176
---------------------------------------------------------------------------------
---------------------------------------------------------------------------------
Start Renaming Generated Instances
---------------------------------------------------------------------------------
---------------------------------------------------------------------------------
Finished Renaming Generated Instances : Time (s): cpu = 00:00:42 ; elapsed = 00:00:43 . Memory (MB): peak = 1739.719 ; gain = 115.176
---------------------------------------------------------------------------------
---------------------------------------------------------------------------------
Start Rebuilding User Hierarchy
---------------------------------------------------------------------------------
---------------------------------------------------------------------------------
Finished Rebuilding User Hierarchy : Time (s): cpu = 00:00:42 ; elapsed = 00:00:43 . Memory (MB): peak = 1739.719 ; gain = 115.176
---------------------------------------------------------------------------------
---------------------------------------------------------------------------------
Start Renaming Generated Ports
---------------------------------------------------------------------------------
---------------------------------------------------------------------------------
Finished Renaming Generated Ports : Time (s): cpu = 00:00:42 ; elapsed = 00:00:43 . Memory (MB): peak = 1739.719 ; gain = 115.176
---------------------------------------------------------------------------------
---------------------------------------------------------------------------------
Start Handling Custom Attributes
---------------------------------------------------------------------------------
---------------------------------------------------------------------------------
Finished Handling Custom Attributes : Time (s): cpu = 00:00:42 ; elapsed = 00:00:43 . Memory (MB): peak = 1739.719 ; gain = 115.176
---------------------------------------------------------------------------------
---------------------------------------------------------------------------------
Start Renaming Generated Nets
---------------------------------------------------------------------------------
---------------------------------------------------------------------------------
Finished Renaming Generated Nets : Time (s): cpu = 00:00:42 ; elapsed = 00:00:43 . Memory (MB): peak = 1739.719 ; gain = 115.176
---------------------------------------------------------------------------------
---------------------------------------------------------------------------------
Start Writing Synthesis Report
---------------------------------------------------------------------------------

Report BlackBoxes: 
+-+--------------+----------+
| |BlackBox name |Instances |
+-+--------------+----------+
+-+--------------+----------+

Report Cell Usage: 
+------+-----------+------+
|      |Cell       |Count |
+------+-----------+------+
|1     |BUFG       |     3|
|2     |CARRY4     |   132|
|3     |LUT1       |    32|
|4     |LUT2       |   207|
|5     |LUT3       |   114|
|6     |LUT4       |   130|
|7     |LUT5       |    71|
|8     |LUT6       |   103|
|9     |MMCME2_ADV |     1|
|10    |MUXF7      |     5|
|11    |FDRE       |   601|
|12    |FDSE       |    20|
|13    |IBUF       |    22|
|14    |IOBUF      |     2|
|15    |OBUF       |    43|
+------+-----------+------+
---------------------------------------------------------------------------------
Finished Writing Synthesis Report : Time (s): cpu = 00:00:42 ; elapsed = 00:00:43 . Memory (MB): peak = 1739.719 ; gain = 115.176
---------------------------------------------------------------------------------
Synthesis finished with 0 errors, 0 critical warnings and 1 warnings.
Synthesis Optimization Runtime : Time (s): cpu = 00:00:30 ; elapsed = 00:00:40 . Memory (MB): peak = 1739.719 ; gain = 39.348
Synthesis Optimization Complete : Time (s): cpu = 00:00:42 ; elapsed = 00:00:43 . Memory (MB): peak = 1739.719 ; gain = 115.176
INFO: [Project 1-571] Translating synthesized netlist
Netlist sorting complete. Time (s): cpu = 00:00:00 ; elapsed = 00:00:00.028 . Memory (MB): peak = 1739.719 ; gain = 0.000
INFO: [Netlist 29-17] Analyzing 140 Unisim elements for replacement
INFO: [Netlist 29-28] Unisim Transformation completed in 0 CPU seconds
INFO: [Project 1-570] Preparing netlist for logic optimization
INFO: [Opt 31-138] Pushed 0 inverter(s) to 0 load pin(s).
Netlist sorting complete. Time (s): cpu = 00:00:00 ; elapsed = 00:00:00 . Memory (MB): peak = 1739.719 ; gain = 0.000
INFO: [Project 1-111] Unisim Transformation Summary:
  A total of 2 instances were transformed.
  IOBUF => IOBUF (IBUF, OBUFT): 2 instances

Synth Design complete, checksum: aa6aa7e7
INFO: [Common 17-83] Releasing license: Synthesis
58 Infos, 2 Warnings, 0 Critical Warnings and 0 Errors encountered.
synth_design completed successfully
synth_design: Time (s): cpu = 00:00:48 ; elapsed = 00:00:49 . Memory (MB): peak = 1739.719 ; gain = 115.176
INFO: [Common 17-1381] The checkpoint 'D:/WorkBORI/Basys-3/hw/proj/hw.runs/synth_1/GPIO_demo.dcp' has been generated.
INFO: [runtcl-4] Executing : report_utilization -file GPIO_demo_utilization_synth.rpt -pb GPIO_demo_utilization_synth.pb
INFO: [Common 17-206] Exiting Vivado at Wed Aug 24 17:04:10 2022...
